<?xml version="1.0" encoding="UTF-8"?>
<robot generator="Robot 6.1.1 (Python 3.10.10 on darwin)" generated="20250518 22:06:03.926" rpa="false" schemaversion="4">
<suite id="s1" name="Rohlik Child Registration Test" source="/Users/lubomirkolarik/IdeaProjects/rohlik test/rohlik_child_registration_test.robot">
<test id="s1-t1" name="Register Child Account On Rohlik" line="55">
<kw name="Open Rohlik Homepage">
<kw name="Open Browser" library="SeleniumLibrary">
<arg>${BASE_URL}</arg>
<arg>${BROWSER}</arg>
<doc>Opens a new browser instance to the optional ``url``.</doc>
<msg timestamp="20250518 22:06:04.014" level="INFO">Opening browser 'chrome' to base url 'https://www.rohlik.cz'.</msg>
<status status="PASS" starttime="20250518 22:06:04.013" endtime="20250518 22:06:07.261"/>
</kw>
<kw name="Maximize Browser Window" library="SeleniumLibrary">
<doc>Maximizes current browser window.</doc>
<status status="PASS" starttime="20250518 22:06:07.261" endtime="20250518 22:06:08.144"/>
</kw>
<kw name="Wait Until Element Is Visible" library="SeleniumLibrary">
<arg>data-test=header-user-icon</arg>
<doc>Waits until the element ``locator`` is visible.</doc>
<msg timestamp="20250518 22:06:13.685" level="INFO" html="true">&lt;/td&gt;&lt;/tr&gt;&lt;tr&gt;&lt;td colspan="3"&gt;&lt;a href="selenium-screenshot-3.png"&gt;&lt;img src="selenium-screenshot-3.png" width="800px"&gt;&lt;/a&gt;</msg>
<msg timestamp="20250518 22:06:13.685" level="FAIL">Element 'data-test=header-user-icon' not visible after 5 seconds.</msg>
<status status="FAIL" starttime="20250518 22:06:08.145" endtime="20250518 22:06:13.687"/>
</kw>
<status status="FAIL" starttime="20250518 22:06:04.013" endtime="20250518 22:06:13.687"/>
</kw>
<kw name="Login To Rohlik">
<status status="NOT RUN" starttime="20250518 22:06:13.687" endtime="20250518 22:06:13.687"/>
</kw>
<kw name="Navigate To Rohlicek">
<status status="NOT RUN" starttime="20250518 22:06:13.687" endtime="20250518 22:06:13.687"/>
</kw>
<kw name="Click Become Member Button">
<status status="NOT RUN" starttime="20250518 22:06:13.687" endtime="20250518 22:06:13.687"/>
</kw>
<kw name="Select Child Under 12">
<status status="NOT RUN" starttime="20250518 22:06:13.687" endtime="20250518 22:06:13.687"/>
</kw>
<kw name="Select Girl Gender">
<status status="NOT RUN" starttime="20250518 22:06:13.687" endtime="20250518 22:06:13.687"/>
</kw>
<kw name="Fill Child Details">
<status status="NOT RUN" starttime="20250518 22:06:13.687" endtime="20250518 22:06:13.687"/>
</kw>
<kw name="Complete Registration">
<status status="NOT RUN" starttime="20250518 22:06:13.687" endtime="20250518 22:06:13.687"/>
</kw>
<status status="FAIL" starttime="20250518 22:06:04.013" endtime="20250518 22:06:13.687">Element 'data-test=header-user-icon' not visible after 5 seconds.</status>
</test>
<status status="FAIL" starttime="20250518 22:06:03.927" endtime="20250518 22:06:13.688"/>
</suite>
<statistics>
<total>
<stat pass="0" fail="1" skip="0">All Tests</stat>
</total>
<tag>
</tag>
<suite>
<stat pass="0" fail="1" skip="0" id="s1" name="Rohlik Child Registration Test">Rohlik Child Registration Test</stat>
</suite>
</statistics>
<errors>
</errors>
</robot>
