<?xml version="1.0" encoding="UTF-8"?>
<robot generator="Robot 6.1.1 (Python 3.10.10 on darwin)" generated="20250518 19:13:51.849" rpa="false" schemaversion="4">
<suite id="s1" name="01 Add product to basket" source="/Users/lubomirkolarik/IdeaProjects/rohlik test/tests/01_Add_product_to_basket.robot">
<kw name="Run Keywords" library="BuiltIn" type="SETUP">
<arg>Open web</arg>
<doc>Executes all the given keywords in a sequence.</doc>
<kw name="Open web" library="Common">
<kw name="Open the Browser headless" library="Common">
<arg>${config.url_test}</arg>
<kw name="Evaluate" library="BuiltIn">
<var>${chrome_options}</var>
<arg>sys.modules['selenium.webdriver'].ChromeOptions()</arg>
<arg>sys, selenium.webdriver</arg>
<doc>Evaluates the given expression in Python and returns the result.</doc>
<msg timestamp="20250518 19:13:51.950" level="INFO">${chrome_options} = &lt;selenium.webdriver.chrome.options.Options object at 0x106869ae0&gt;</msg>
<status status="PASS" starttime="20250518 19:13:51.949" endtime="20250518 19:13:51.950"/>
</kw>
<kw name="Call Method" library="BuiltIn">
<arg>${chrome_options}</arg>
<arg>add_argument</arg>
<arg>--no-sandbox</arg>
<doc>Calls the named method of the given object with the provided arguments.</doc>
<status status="PASS" starttime="20250518 19:13:51.950" endtime="20250518 19:13:51.950"/>
</kw>
<kw name="Call Method" library="BuiltIn">
<arg>${chrome_options}</arg>
<arg>add_argument</arg>
<arg>--disable-dev-shm-usage</arg>
<doc>Calls the named method of the given object with the provided arguments.</doc>
<status status="PASS" starttime="20250518 19:13:51.950" endtime="20250518 19:13:51.950"/>
</kw>
<if>
<branch type="IF" condition="&quot;${config.environment}&quot; != &quot;local&quot;">
<kw name="Log" library="BuiltIn">
<arg>Running locally</arg>
<doc>Logs the given message with the given level.</doc>
<status status="NOT RUN" starttime="20250518 19:13:51.950" endtime="20250518 19:13:51.950"/>
</kw>
<kw name="Call Method" library="BuiltIn">
<arg>${chrome_options}</arg>
<arg>add_argument</arg>
<arg>--headless</arg>
<doc>Calls the named method of the given object with the provided arguments.</doc>
<status status="NOT RUN" starttime="20250518 19:13:51.950" endtime="20250518 19:13:51.950"/>
</kw>
<kw name="Call Method" library="BuiltIn">
<arg>${chrome_options}</arg>
<arg>add_argument</arg>
<arg>--disable-gpu</arg>
<doc>Calls the named method of the given object with the provided arguments.</doc>
<status status="NOT RUN" starttime="20250518 19:13:51.950" endtime="20250518 19:13:51.950"/>
</kw>
<status status="NOT RUN" starttime="20250518 19:13:51.950" endtime="20250518 19:13:51.950"/>
</branch>
<branch type="ELSE">
<kw name="Log" library="BuiltIn">
<arg>Running in docker</arg>
<doc>Logs the given message with the given level.</doc>
<msg timestamp="20250518 19:13:51.950" level="INFO">Running in docker</msg>
<status status="PASS" starttime="20250518 19:13:51.950" endtime="20250518 19:13:51.950"/>
</kw>
<status status="PASS" starttime="20250518 19:13:51.950" endtime="20250518 19:13:51.950"/>
</branch>
<status status="PASS" starttime="20250518 19:13:51.950" endtime="20250518 19:13:51.950"/>
</if>
<kw name="Create Dictionary" library="BuiltIn">
<var>${prefs}</var>
<arg>download.default_directory=${DOWNLOAD_PATH}</arg>
<doc>Creates and returns a dictionary based on the given ``items``.</doc>
<msg timestamp="20250518 19:13:51.950" level="INFO">${prefs} = {'download.default_directory': '/Users/lubomirkolarik/IdeaProjects/rohlik test/tests/tests/Downloads'}</msg>
<status status="PASS" starttime="20250518 19:13:51.950" endtime="20250518 19:13:51.950"/>
</kw>
<kw name="Call Method" library="BuiltIn">
<arg>${chrome_options}</arg>
<arg>add_experimental_option</arg>
<arg>prefs</arg>
<arg>${prefs}</arg>
<doc>Calls the named method of the given object with the provided arguments.</doc>
<status status="PASS" starttime="20250518 19:13:51.951" endtime="20250518 19:13:51.951"/>
</kw>
<kw name="Create Webdriver" library="SeleniumLibrary">
<arg>Chrome</arg>
<arg>options=${chrome_options}</arg>
<doc>Creates an instance of Selenium WebDriver.</doc>
<msg timestamp="20250518 19:13:51.951" level="INFO">Creating an instance of the Chrome WebDriver.</msg>
<status status="PASS" starttime="20250518 19:13:51.951" endtime="20250518 19:13:53.594"/>
</kw>
<kw name="Set Window Size" library="SeleniumLibrary">
<arg>1920</arg>
<arg>1080</arg>
<doc>Sets current windows size to given ``width`` and ``height``.</doc>
<status status="PASS" starttime="20250518 19:13:53.594" endtime="20250518 19:13:53.627"/>
</kw>
<kw name="Go To" library="SeleniumLibrary">
<arg>${URL}</arg>
<doc>Navigates the current browser window to the provided ``url``.</doc>
<msg timestamp="20250518 19:13:53.628" level="INFO">Opening url 'https://www.rohlik.cz/rohlicek'</msg>
<status status="PASS" starttime="20250518 19:13:53.627" endtime="20250518 19:13:53.803"/>
</kw>
<status status="PASS" starttime="20250518 19:13:51.949" endtime="20250518 19:13:53.803"/>
</kw>
<kw name="Assert click element visible" library="Common">
<arg>${login.sign_button}</arg>
<arg>10s</arg>
<kw name="Wait Until Page Contains Element" library="SeleniumLibrary">
<arg>${locator}</arg>
<arg>${timeout}</arg>
<doc>Waits until the element ``locator`` appears on the current page.</doc>
<status status="PASS" starttime="20250518 19:13:53.818" endtime="20250518 19:13:54.556"/>
</kw>
<kw name="Wait Until Element Is Visible" library="SeleniumLibrary">
<arg>${locator}</arg>
<arg>${timeout}</arg>
<doc>Waits until the element ``locator`` is visible.</doc>
<status status="PASS" starttime="20250518 19:13:54.557" endtime="20250518 19:13:54.665"/>
</kw>
<kw name="Click Element" library="SeleniumLibrary">
<arg>${locator}</arg>
<doc>Click the element identified by ``locator``.</doc>
<msg timestamp="20250518 19:13:54.665" level="INFO">Clicking element 'xpath=//*[@data-test="header-user-icon"]'.</msg>
<status status="PASS" starttime="20250518 19:13:54.665" endtime="20250518 19:13:55.074"/>
</kw>
<status status="PASS" starttime="20250518 19:13:53.804" endtime="20250518 19:13:55.074"/>
</kw>
<kw name="User input email and password" library="Common">
<kw name="Wait Until Element Is Visible" library="SeleniumLibrary">
<arg>${login.username}</arg>
<arg>10s</arg>
<doc>Waits until the element ``locator`` is visible.</doc>
<status status="PASS" starttime="20250518 19:13:55.075" endtime="20250518 19:13:55.322"/>
</kw>
<kw name="Wait Until Element Is Visible" library="SeleniumLibrary">
<arg>${login.username}</arg>
<arg>10s</arg>
<doc>Waits until the element ``locator`` is visible.</doc>
<status status="PASS" starttime="20250518 19:13:55.322" endtime="20250518 19:13:55.336"/>
</kw>
<kw name="Press Keys" library="SeleniumLibrary">
<arg>${login.username}</arg>
<arg>${config.username}</arg>
<doc>Simulates the user pressing key(s) to an element or on the active browser.</doc>
<msg timestamp="20250518 19:13:55.341" level="INFO">Sending key(s) ('kolarik.lubo@gmail.com',) to xpath=//input[@id='email'] element.</msg>
<msg timestamp="20250518 19:13:55.616" level="INFO">Sending keys kolarik.lubo@gmail.com</msg>
<status status="PASS" starttime="20250518 19:13:55.336" endtime="20250518 19:13:55.766"/>
</kw>
<kw name="Input Text" library="SeleniumLibrary">
<arg>${login.password}</arg>
<arg>${config.password}</arg>
<doc>Types the given ``text`` into the text field identified by ``locator``.</doc>
<msg timestamp="20250518 19:13:55.767" level="INFO">Typing text 'TestujemHesloRohlicek.23456' into text field 'xpath=//input[@id='password']'.</msg>
<status status="PASS" starttime="20250518 19:13:55.767" endtime="20250518 19:13:55.855"/>
</kw>
<status status="PASS" starttime="20250518 19:13:55.074" endtime="20250518 19:13:55.855"/>
</kw>
<kw name="User clicks on sign in button and logins in page" library="Common">
<kw name="Assert click element visible" library="Common">
<arg>${login.sign_in}</arg>
<arg>10s</arg>
<kw name="Wait Until Page Contains Element" library="SeleniumLibrary">
<arg>${locator}</arg>
<arg>${timeout}</arg>
<doc>Waits until the element ``locator`` appears on the current page.</doc>
<status status="PASS" starttime="20250518 19:13:55.855" endtime="20250518 19:13:55.865"/>
</kw>
<kw name="Wait Until Element Is Visible" library="SeleniumLibrary">
<arg>${locator}</arg>
<arg>${timeout}</arg>
<doc>Waits until the element ``locator`` is visible.</doc>
<status status="PASS" starttime="20250518 19:13:55.865" endtime="20250518 19:13:55.876"/>
</kw>
<kw name="Click Element" library="SeleniumLibrary">
<arg>${locator}</arg>
<doc>Click the element identified by ``locator``.</doc>
<msg timestamp="20250518 19:13:55.877" level="INFO">Clicking element 'xpath=//button[@data-test='btnSignIn']'.</msg>
<status status="PASS" starttime="20250518 19:13:55.876" endtime="20250518 19:13:55.921"/>
</kw>
<status status="PASS" starttime="20250518 19:13:55.855" endtime="20250518 19:13:55.921"/>
</kw>
<kw name="Assert element visible" library="Common">
<arg>${main_menu.notification_bell}</arg>
<arg>10s</arg>
<kw name="Wait Until Element Is Visible" library="SeleniumLibrary">
<arg>${locator}</arg>
<arg>${timeout}</arg>
<doc>Waits until the element ``locator`` is visible.</doc>
<status status="PASS" starttime="20250518 19:13:55.921" endtime="20250518 19:13:56.377"/>
</kw>
<status status="PASS" starttime="20250518 19:13:55.921" endtime="20250518 19:13:56.377"/>
</kw>
<kw name="Sleep" library="BuiltIn">
<arg>1s</arg>
<doc>Pauses the test executed for the given time.</doc>
<msg timestamp="20250518 19:13:57.378" level="INFO">Slept 1 second</msg>
<status status="PASS" starttime="20250518 19:13:56.377" endtime="20250518 19:13:57.378"/>
</kw>
<status status="PASS" starttime="20250518 19:13:55.855" endtime="20250518 19:13:57.378"/>
</kw>
<kw name="Init failure scenario" library="Common">
<kw name="Register Keyword To Run On Failure" library="SeleniumLibrary">
<arg>Take screenshot on failure</arg>
<doc>Sets the keyword to execute, when a SeleniumLibrary keyword fails.</doc>
<msg timestamp="20250518 19:13:57.380" level="INFO">Take screenshot on failure will be run on failure.</msg>
<status status="PASS" starttime="20250518 19:13:57.379" endtime="20250518 19:13:57.380"/>
</kw>
<status status="PASS" starttime="20250518 19:13:57.379" endtime="20250518 19:13:57.380"/>
</kw>
<status status="PASS" starttime="20250518 19:13:51.949" endtime="20250518 19:13:57.380"/>
</kw>
<status status="PASS" starttime="20250518 19:13:51.949" endtime="20250518 19:13:57.380"/>
</kw>
<test id="s1-t1" name="Settings" line="24">
<kw name="Add product to basket" library="Basket">
<kw name="Assert click element visible" library="Common">
<arg>${main_menu.search}</arg>
<arg>10s</arg>
<kw name="Wait Until Page Contains Element" library="SeleniumLibrary">
<arg>${locator}</arg>
<arg>${timeout}</arg>
<doc>Waits until the element ``locator`` appears on the current page.</doc>
<status status="PASS" starttime="20250518 19:13:57.386" endtime="20250518 19:13:57.400"/>
</kw>
<kw name="Wait Until Element Is Visible" library="SeleniumLibrary">
<arg>${locator}</arg>
<arg>${timeout}</arg>
<doc>Waits until the element ``locator`` is visible.</doc>
<status status="PASS" starttime="20250518 19:13:57.400" endtime="20250518 19:13:57.421"/>
</kw>
<kw name="Click Element" library="SeleniumLibrary">
<arg>${locator}</arg>
<doc>Click the element identified by ``locator``.</doc>
<msg timestamp="20250518 19:13:57.421" level="INFO">Clicking element 'xpath=//input[@id='searchGlobal']'.</msg>
<status status="PASS" starttime="20250518 19:13:57.421" endtime="20250518 19:13:57.469"/>
</kw>
<status status="PASS" starttime="20250518 19:13:57.384" endtime="20250518 19:13:57.469"/>
</kw>
<kw name="Assert click element visible" library="Common">
<arg>${main_menu.product_add_basket}</arg>
<arg>10s</arg>
<kw name="Wait Until Page Contains Element" library="SeleniumLibrary">
<arg>${locator}</arg>
<arg>${timeout}</arg>
<doc>Waits until the element ``locator`` appears on the current page.</doc>
<status status="PASS" starttime="20250518 19:13:57.470" endtime="20250518 19:13:57.688"/>
</kw>
<kw name="Wait Until Element Is Visible" library="SeleniumLibrary">
<arg>${locator}</arg>
<arg>${timeout}</arg>
<doc>Waits until the element ``locator`` is visible.</doc>
<status status="PASS" starttime="20250518 19:13:57.688" endtime="20250518 19:13:57.698"/>
</kw>
<kw name="Click Element" library="SeleniumLibrary">
<arg>${locator}</arg>
<doc>Click the element identified by ``locator``.</doc>
<msg timestamp="20250518 19:13:57.699" level="INFO">Clicking element 'xpath=(//button[@data-test='btnAdd'])[1]'.</msg>
<status status="PASS" starttime="20250518 19:13:57.698" endtime="20250518 19:13:57.733"/>
</kw>
<status status="PASS" starttime="20250518 19:13:57.469" endtime="20250518 19:13:57.733"/>
</kw>
<status status="PASS" starttime="20250518 19:13:57.383" endtime="20250518 19:13:57.733"/>
</kw>
<kw name="Check basket" library="Basket">
<kw name="Assert click element visible" library="Common">
<arg>${main_menu.basket}</arg>
<arg>10s</arg>
<kw name="Wait Until Page Contains Element" library="SeleniumLibrary">
<arg>${locator}</arg>
<arg>${timeout}</arg>
<doc>Waits until the element ``locator`` appears on the current page.</doc>
<status status="PASS" starttime="20250518 19:13:57.734" endtime="20250518 19:13:57.741"/>
</kw>
<kw name="Wait Until Element Is Visible" library="SeleniumLibrary">
<arg>${locator}</arg>
<arg>${timeout}</arg>
<doc>Waits until the element ``locator`` is visible.</doc>
<status status="PASS" starttime="20250518 19:13:57.741" endtime="20250518 19:13:57.750"/>
</kw>
<kw name="Click Element" library="SeleniumLibrary">
<arg>${locator}</arg>
<doc>Click the element identified by ``locator``.</doc>
<msg timestamp="20250518 19:13:57.750" level="INFO">Clicking element 'xpath=//div[@data-test='cart-header-wrapper']'.</msg>
<status status="PASS" starttime="20250518 19:13:57.750" endtime="20250518 19:13:57.786"/>
</kw>
<status status="PASS" starttime="20250518 19:13:57.733" endtime="20250518 19:13:57.786"/>
</kw>
<kw name="Assert element visible" library="Common">
<arg>${main_menu.check_order}</arg>
<arg>10s</arg>
<kw name="Wait Until Element Is Visible" library="SeleniumLibrary">
<arg>${locator}</arg>
<arg>${timeout}</arg>
<doc>Waits until the element ``locator`` is visible.</doc>
<status status="PASS" starttime="20250518 19:13:57.787" endtime="20250518 19:13:58.006"/>
</kw>
<status status="PASS" starttime="20250518 19:13:57.786" endtime="20250518 19:13:58.007"/>
</kw>
<status status="PASS" starttime="20250518 19:13:57.733" endtime="20250518 19:13:58.007"/>
</kw>
<kw name="Remove product from basket" library="Basket">
<kw name="Assert click element visible" library="Common">
<arg>${main_menu.remove_product}</arg>
<arg>10s</arg>
<kw name="Wait Until Page Contains Element" library="SeleniumLibrary">
<arg>${locator}</arg>
<arg>${timeout}</arg>
<doc>Waits until the element ``locator`` appears on the current page.</doc>
<status status="PASS" starttime="20250518 19:13:58.007" endtime="20250518 19:13:58.015"/>
</kw>
<kw name="Wait Until Element Is Visible" library="SeleniumLibrary">
<arg>${locator}</arg>
<arg>${timeout}</arg>
<doc>Waits until the element ``locator`` is visible.</doc>
<status status="PASS" starttime="20250518 19:13:58.015" endtime="20250518 19:13:58.025"/>
</kw>
<kw name="Click Element" library="SeleniumLibrary">
<arg>${locator}</arg>
<doc>Click the element identified by ``locator``.</doc>
<msg timestamp="20250518 19:13:58.025" level="INFO">Clicking element 'xpath=//*[@data-test='IconMinus']'.</msg>
<status status="PASS" starttime="20250518 19:13:58.025" endtime="20250518 19:13:58.058"/>
</kw>
<status status="PASS" starttime="20250518 19:13:58.007" endtime="20250518 19:13:58.058"/>
</kw>
<kw name="Sleep" library="BuiltIn">
<arg>1s</arg>
<doc>Pauses the test executed for the given time.</doc>
<msg timestamp="20250518 19:13:59.060" level="INFO">Slept 1 second</msg>
<status status="PASS" starttime="20250518 19:13:58.059" endtime="20250518 19:13:59.060"/>
</kw>
<status status="PASS" starttime="20250518 19:13:58.007" endtime="20250518 19:13:59.060"/>
</kw>
<status status="PASS" starttime="20250518 19:13:57.381" endtime="20250518 19:13:59.061"/>
</test>
<kw name="Close Browser" library="SeleniumLibrary" type="TEARDOWN">
<doc>Closes the current browser.</doc>
<status status="PASS" starttime="20250518 19:13:59.062" endtime="20250518 19:13:59.189"/>
</kw>
<doc>Settings
1. Open Chrome and navigate to https://www.rohlik.cz/rohlicek
2. Click on the "Přihlásit se" button, login button
3. Fill in:
   - Email: kolarik.lubo@gmail.com
   - passw: TestujemHesloRohlicek.23456
4. Login with login button "Přihlásit se"
6. Verify sign in notification bell, check login
7. Click on search
8. Click on first product add button to basket:
9. Verify basket include product included text: "V košíku máte 1"</doc>
<status status="PASS" starttime="20250518 19:13:51.849" endtime="20250518 19:13:59.189"/>
</suite>
<statistics>
<total>
<stat pass="1" fail="0" skip="0">All Tests</stat>
</total>
<tag>
</tag>
<suite>
<stat pass="1" fail="0" skip="0" id="s1" name="01 Add product to basket">01 Add product to basket</stat>
</suite>
</statistics>
<errors>
</errors>
</robot>
